Determining if the pthread_create exist failed with the following output:
Change Dir: /home/mark/Documents/ComputerVision/basicVideo/CMakeFiles/CMakeTmp

Run Build Command:"/usr/bin/make" "cmTC_bd56e/fast"
/usr/bin/make -f CMakeFiles/cmTC_bd56e.dir/build.make CMakeFiles/cmTC_bd56e.dir/build
make[1]: Entering directory '/home/mark/Documents/ComputerVision/basicVideo/CMakeFiles/CMakeTmp'
Building C object CMakeFiles/cmTC_bd56e.dir/CheckSymbolExists.c.o
/usr/bin/cc    -fPIC    -o CMakeFiles/cmTC_bd56e.dir/CheckSymbolExists.c.o   -c /home/mark/Documents/ComputerVision/basicVideo/CMakeFiles/CMakeTmp/CheckSymbolExists.c
Linking C executable cmTC_bd56e
/usr/bin/cmake -E cmake_link_script CMakeFiles/cmTC_bd56e.dir/link.txt --verbose=1
/usr/bin/cc  -fPIC     CMakeFiles/cmTC_bd56e.dir/CheckSymbolExists.c.o  -o cmTC_bd56e 
CMakeFiles/cmTC_bd56e.dir/CheckSymbolExists.c.o: In function `main':
CheckSymbolExists.c:(.text+0x1b): undefined reference to `pthread_create'
collect2: error: ld returned 1 exit status
CMakeFiles/cmTC_bd56e.dir/build.make:97: recipe for target 'cmTC_bd56e' failed
make[1]: *** [cmTC_bd56e] Error 1
make[1]: Leaving directory '/home/mark/Documents/ComputerVision/basicVideo/CMakeFiles/CMakeTmp'
Makefile:126: recipe for target 'cmTC_bd56e/fast' failed
make: *** [cmTC_bd56e/fast] Error 2

File /home/mark/Documents/ComputerVision/basicVideo/CMakeFiles/CMakeTmp/CheckSymbolExists.c:
/* */
#include <pthread.h>

int main(int argc, char** argv)
{
  (void)argv;
#ifndef pthread_create
  return ((int*)(&pthread_create))[argc];
#else
  (void)argc;
  return 0;
#endif
}

Determining if the function pthread_create exists in the pthreads failed with the following output:
Change Dir: /home/mark/Documents/ComputerVision/basicVideo/CMakeFiles/CMakeTmp

Run Build Command:"/usr/bin/make" "cmTC_3744a/fast"
/usr/bin/make -f CMakeFiles/cmTC_3744a.dir/build.make CMakeFiles/cmTC_3744a.dir/build
make[1]: Entering directory '/home/mark/Documents/ComputerVision/basicVideo/CMakeFiles/CMakeTmp'
Building C object CMakeFiles/cmTC_3744a.dir/CheckFunctionExists.c.o
/usr/bin/cc    -fPIC -DCHECK_FUNCTION_EXISTS=pthread_create   -o CMakeFiles/cmTC_3744a.dir/CheckFunctionExists.c.o   -c /usr/share/cmake-3.5/Modules/CheckFunctionExists.c
Linking C executable cmTC_3744a
/usr/bin/cmake -E cmake_link_script CMakeFiles/cmTC_3744a.dir/link.txt --verbose=1
/usr/bin/cc  -fPIC -DCHECK_FUNCTION_EXISTS=pthread_create    CMakeFiles/cmTC_3744a.dir/CheckFunctionExists.c.o  -o cmTC_3744a -lpthreads 
/usr/bin/ld: cannot find -lpthreads
collect2: error: ld returned 1 exit status
CMakeFiles/cmTC_3744a.dir/build.make:97: recipe for target 'cmTC_3744a' failed
make[1]: *** [cmTC_3744a] Error 1
make[1]: Leaving directory '/home/mark/Documents/ComputerVision/basicVideo/CMakeFiles/CMakeTmp'
Makefile:126: recipe for target 'cmTC_3744a/fast' failed
make: *** [cmTC_3744a/fast] Error 2


