Determining if the pthread_create exist failed with the following output:
Change Dir: /home/ubuntu/vision/flightCode/gpu samples/CMakeFiles/CMakeTmp

Run Build Command:"/usr/bin/make" "cmTC_8f560/fast"
/usr/bin/make -f CMakeFiles/cmTC_8f560.dir/build.make CMakeFiles/cmTC_8f560.dir/build
make[1]: Entering directory '/home/ubuntu/vision/flightCode/gpu samples/CMakeFiles/CMakeTmp'
Building C object CMakeFiles/cmTC_8f560.dir/CheckSymbolExists.c.o
/usr/bin/cc    -fPIC    -o CMakeFiles/cmTC_8f560.dir/CheckSymbolExists.c.o   -c "/home/ubuntu/vision/flightCode/gpu samples/CMakeFiles/CMakeTmp/CheckSymbolExists.c"
Linking C executable cmTC_8f560
/usr/bin/cmake -E cmake_link_script CMakeFiles/cmTC_8f560.dir/link.txt --verbose=1
/usr/bin/cc  -fPIC     CMakeFiles/cmTC_8f560.dir/CheckSymbolExists.c.o  -o cmTC_8f560 
CMakeFiles/cmTC_8f560.dir/CheckSymbolExists.c.o: In function `main':
CheckSymbolExists.c:(.text+0x14): undefined reference to `pthread_create'
CheckSymbolExists.c:(.text+0x18): undefined reference to `pthread_create'
collect2: error: ld returned 1 exit status
CMakeFiles/cmTC_8f560.dir/build.make:97: recipe for target 'cmTC_8f560' failed
make[1]: *** [cmTC_8f560] Error 1
make[1]: Leaving directory '/home/ubuntu/vision/flightCode/gpu samples/CMakeFiles/CMakeTmp'
Makefile:126: recipe for target 'cmTC_8f560/fast' failed
make: *** [cmTC_8f560/fast] Error 2

File /home/ubuntu/vision/flightCode/gpu samples/CMakeFiles/CMakeTmp/CheckSymbolExists.c:
/* */
#include <pthread.h>

int main(int argc, char** argv)
{
  (void)argv;
#ifndef pthread_create
  return ((int*)(&pthread_create))[argc];
#else
  (void)argc;
  return 0;
#endif
}

Determining if the function pthread_create exists in the pthreads failed with the following output:
Change Dir: /home/ubuntu/vision/flightCode/gpu samples/CMakeFiles/CMakeTmp

Run Build Command:"/usr/bin/make" "cmTC_3c942/fast"
/usr/bin/make -f CMakeFiles/cmTC_3c942.dir/build.make CMakeFiles/cmTC_3c942.dir/build
make[1]: Entering directory '/home/ubuntu/vision/flightCode/gpu samples/CMakeFiles/CMakeTmp'
Building C object CMakeFiles/cmTC_3c942.dir/CheckFunctionExists.c.o
/usr/bin/cc    -fPIC -DCHECK_FUNCTION_EXISTS=pthread_create   -o CMakeFiles/cmTC_3c942.dir/CheckFunctionExists.c.o   -c /usr/share/cmake-3.5/Modules/CheckFunctionExists.c
Linking C executable cmTC_3c942
/usr/bin/cmake -E cmake_link_script CMakeFiles/cmTC_3c942.dir/link.txt --verbose=1
/usr/bin/cc  -fPIC -DCHECK_FUNCTION_EXISTS=pthread_create    CMakeFiles/cmTC_3c942.dir/CheckFunctionExists.c.o  -o cmTC_3c942 -lpthreads 
/usr/bin/ld: cannot find -lpthreads
collect2: error: ld returned 1 exit status
CMakeFiles/cmTC_3c942.dir/build.make:97: recipe for target 'cmTC_3c942' failed
make[1]: *** [cmTC_3c942] Error 1
make[1]: Leaving directory '/home/ubuntu/vision/flightCode/gpu samples/CMakeFiles/CMakeTmp'
Makefile:126: recipe for target 'cmTC_3c942/fast' failed
make: *** [cmTC_3c942/fast] Error 2


