Determining if the pthread_create exist failed with the following output:
Change Dir: /home/ubuntu/computerVision/cornerGpu/CMakeFiles/CMakeTmp

Run Build Command:"/usr/bin/make" "cmTC_4a144/fast"
/usr/bin/make -f CMakeFiles/cmTC_4a144.dir/build.make CMakeFiles/cmTC_4a144.dir/build
make[1]: Entering directory '/home/ubuntu/computerVision/cornerGpu/CMakeFiles/CMakeTmp'
Building C object CMakeFiles/cmTC_4a144.dir/CheckSymbolExists.c.o
/usr/bin/cc    -fPIC    -o CMakeFiles/cmTC_4a144.dir/CheckSymbolExists.c.o   -c /home/ubuntu/computerVision/cornerGpu/CMakeFiles/CMakeTmp/CheckSymbolExists.c
Linking C executable cmTC_4a144
/usr/bin/cmake -E cmake_link_script CMakeFiles/cmTC_4a144.dir/link.txt --verbose=1
/usr/bin/cc  -fPIC     CMakeFiles/cmTC_4a144.dir/CheckSymbolExists.c.o  -o cmTC_4a144 
CMakeFiles/cmTC_4a144.dir/CheckSymbolExists.c.o: In function `main':
CheckSymbolExists.c:(.text+0x14): undefined reference to `pthread_create'
CheckSymbolExists.c:(.text+0x18): undefined reference to `pthread_create'
collect2: error: ld returned 1 exit status
CMakeFiles/cmTC_4a144.dir/build.make:97: recipe for target 'cmTC_4a144' failed
make[1]: *** [cmTC_4a144] Error 1
make[1]: Leaving directory '/home/ubuntu/computerVision/cornerGpu/CMakeFiles/CMakeTmp'
Makefile:126: recipe for target 'cmTC_4a144/fast' failed
make: *** [cmTC_4a144/fast] Error 2

File /home/ubuntu/computerVision/cornerGpu/CMakeFiles/CMakeTmp/CheckSymbolExists.c:
/* */
#include <pthread.h>

int main(int argc, char** argv)
{
  (void)argv;
#ifndef pthread_create
  return ((int*)(&pthread_create))[argc];
#else
  (void)argc;
  return 0;
#endif
}

Determining if the function pthread_create exists in the pthreads failed with the following output:
Change Dir: /home/ubuntu/computerVision/cornerGpu/CMakeFiles/CMakeTmp

Run Build Command:"/usr/bin/make" "cmTC_c3d1c/fast"
/usr/bin/make -f CMakeFiles/cmTC_c3d1c.dir/build.make CMakeFiles/cmTC_c3d1c.dir/build
make[1]: Entering directory '/home/ubuntu/computerVision/cornerGpu/CMakeFiles/CMakeTmp'
Building C object CMakeFiles/cmTC_c3d1c.dir/CheckFunctionExists.c.o
/usr/bin/cc    -fPIC -DCHECK_FUNCTION_EXISTS=pthread_create   -o CMakeFiles/cmTC_c3d1c.dir/CheckFunctionExists.c.o   -c /usr/share/cmake-3.5/Modules/CheckFunctionExists.c
Linking C executable cmTC_c3d1c
/usr/bin/cmake -E cmake_link_script CMakeFiles/cmTC_c3d1c.dir/link.txt --verbose=1
/usr/bin/cc  -fPIC -DCHECK_FUNCTION_EXISTS=pthread_create    CMakeFiles/cmTC_c3d1c.dir/CheckFunctionExists.c.o  -o cmTC_c3d1c -lpthreads 
/usr/bin/ld: cannot find -lpthreads
collect2: error: ld returned 1 exit status
CMakeFiles/cmTC_c3d1c.dir/build.make:97: recipe for target 'cmTC_c3d1c' failed
make[1]: *** [cmTC_c3d1c] Error 1
make[1]: Leaving directory '/home/ubuntu/computerVision/cornerGpu/CMakeFiles/CMakeTmp'
Makefile:126: recipe for target 'cmTC_c3d1c/fast' failed
make: *** [cmTC_c3d1c/fast] Error 2


