Determining if the pthread_create exist failed with the following output:
Change Dir: /home/mark/Desktop/flightCode/flowVideo/CMakeFiles/CMakeTmp

Run Build Command:"/usr/bin/make" "cmTC_aaf79/fast"
/usr/bin/make -f CMakeFiles/cmTC_aaf79.dir/build.make CMakeFiles/cmTC_aaf79.dir/build
make[1]: Entering directory '/home/mark/Desktop/flightCode/flowVideo/CMakeFiles/CMakeTmp'
Building C object CMakeFiles/cmTC_aaf79.dir/CheckSymbolExists.c.o
/usr/bin/cc    -fPIC    -o CMakeFiles/cmTC_aaf79.dir/CheckSymbolExists.c.o   -c /home/mark/Desktop/flightCode/flowVideo/CMakeFiles/CMakeTmp/CheckSymbolExists.c
Linking C executable cmTC_aaf79
/usr/bin/cmake -E cmake_link_script CMakeFiles/cmTC_aaf79.dir/link.txt --verbose=1
/usr/bin/cc  -fPIC     CMakeFiles/cmTC_aaf79.dir/CheckSymbolExists.c.o  -o cmTC_aaf79 
CMakeFiles/cmTC_aaf79.dir/CheckSymbolExists.c.o: In function `main':
CheckSymbolExists.c:(.text+0x1b): undefined reference to `pthread_create'
collect2: error: ld returned 1 exit status
CMakeFiles/cmTC_aaf79.dir/build.make:97: recipe for target 'cmTC_aaf79' failed
make[1]: *** [cmTC_aaf79] Error 1
make[1]: Leaving directory '/home/mark/Desktop/flightCode/flowVideo/CMakeFiles/CMakeTmp'
Makefile:126: recipe for target 'cmTC_aaf79/fast' failed
make: *** [cmTC_aaf79/fast] Error 2

File /home/mark/Desktop/flightCode/flowVideo/CMakeFiles/CMakeTmp/CheckSymbolExists.c:
/* */
#include <pthread.h>

int main(int argc, char** argv)
{
  (void)argv;
#ifndef pthread_create
  return ((int*)(&pthread_create))[argc];
#else
  (void)argc;
  return 0;
#endif
}

Determining if the function pthread_create exists in the pthreads failed with the following output:
Change Dir: /home/mark/Desktop/flightCode/flowVideo/CMakeFiles/CMakeTmp

Run Build Command:"/usr/bin/make" "cmTC_c908f/fast"
/usr/bin/make -f CMakeFiles/cmTC_c908f.dir/build.make CMakeFiles/cmTC_c908f.dir/build
make[1]: Entering directory '/home/mark/Desktop/flightCode/flowVideo/CMakeFiles/CMakeTmp'
Building C object CMakeFiles/cmTC_c908f.dir/CheckFunctionExists.c.o
/usr/bin/cc    -fPIC -DCHECK_FUNCTION_EXISTS=pthread_create   -o CMakeFiles/cmTC_c908f.dir/CheckFunctionExists.c.o   -c /usr/share/cmake-3.5/Modules/CheckFunctionExists.c
Linking C executable cmTC_c908f
/usr/bin/cmake -E cmake_link_script CMakeFiles/cmTC_c908f.dir/link.txt --verbose=1
/usr/bin/cc  -fPIC -DCHECK_FUNCTION_EXISTS=pthread_create    CMakeFiles/cmTC_c908f.dir/CheckFunctionExists.c.o  -o cmTC_c908f -lpthreads 
/usr/bin/ld: cannot find -lpthreads
collect2: error: ld returned 1 exit status
CMakeFiles/cmTC_c908f.dir/build.make:97: recipe for target 'cmTC_c908f' failed
make[1]: *** [cmTC_c908f] Error 1
make[1]: Leaving directory '/home/mark/Desktop/flightCode/flowVideo/CMakeFiles/CMakeTmp'
Makefile:126: recipe for target 'cmTC_c908f/fast' failed
make: *** [cmTC_c908f/fast] Error 2


Determining if the pthread_create exist failed with the following output:
Change Dir: /home/ubuntu/vision/flightCode/flowVideo/CMakeFiles/CMakeTmp

Run Build Command:"/usr/bin/make" "cmTC_ac713/fast"
/usr/bin/make -f CMakeFiles/cmTC_ac713.dir/build.make CMakeFiles/cmTC_ac713.dir/build
make[1]: Entering directory '/home/ubuntu/vision/flightCode/flowVideo/CMakeFiles/CMakeTmp'
Building C object CMakeFiles/cmTC_ac713.dir/CheckSymbolExists.c.o
/usr/bin/cc    -fPIC    -o CMakeFiles/cmTC_ac713.dir/CheckSymbolExists.c.o   -c /home/ubuntu/vision/flightCode/flowVideo/CMakeFiles/CMakeTmp/CheckSymbolExists.c
Linking C executable cmTC_ac713
/usr/bin/cmake -E cmake_link_script CMakeFiles/cmTC_ac713.dir/link.txt --verbose=1
/usr/bin/cc  -fPIC     CMakeFiles/cmTC_ac713.dir/CheckSymbolExists.c.o  -o cmTC_ac713 
CMakeFiles/cmTC_ac713.dir/CheckSymbolExists.c.o: In function `main':
CheckSymbolExists.c:(.text+0x14): undefined reference to `pthread_create'
CheckSymbolExists.c:(.text+0x18): undefined reference to `pthread_create'
collect2: error: ld returned 1 exit status
CMakeFiles/cmTC_ac713.dir/build.make:97: recipe for target 'cmTC_ac713' failed
make[1]: *** [cmTC_ac713] Error 1
make[1]: Leaving directory '/home/ubuntu/vision/flightCode/flowVideo/CMakeFiles/CMakeTmp'
Makefile:126: recipe for target 'cmTC_ac713/fast' failed
make: *** [cmTC_ac713/fast] Error 2

File /home/ubuntu/vision/flightCode/flowVideo/CMakeFiles/CMakeTmp/CheckSymbolExists.c:
/* */
#include <pthread.h>

int main(int argc, char** argv)
{
  (void)argv;
#ifndef pthread_create
  return ((int*)(&pthread_create))[argc];
#else
  (void)argc;
  return 0;
#endif
}

Determining if the function pthread_create exists in the pthreads failed with the following output:
Change Dir: /home/ubuntu/vision/flightCode/flowVideo/CMakeFiles/CMakeTmp

Run Build Command:"/usr/bin/make" "cmTC_195f3/fast"
/usr/bin/make -f CMakeFiles/cmTC_195f3.dir/build.make CMakeFiles/cmTC_195f3.dir/build
make[1]: Entering directory '/home/ubuntu/vision/flightCode/flowVideo/CMakeFiles/CMakeTmp'
Building C object CMakeFiles/cmTC_195f3.dir/CheckFunctionExists.c.o
/usr/bin/cc    -fPIC -DCHECK_FUNCTION_EXISTS=pthread_create   -o CMakeFiles/cmTC_195f3.dir/CheckFunctionExists.c.o   -c /usr/share/cmake-3.5/Modules/CheckFunctionExists.c
Linking C executable cmTC_195f3
/usr/bin/cmake -E cmake_link_script CMakeFiles/cmTC_195f3.dir/link.txt --verbose=1
/usr/bin/cc  -fPIC -DCHECK_FUNCTION_EXISTS=pthread_create    CMakeFiles/cmTC_195f3.dir/CheckFunctionExists.c.o  -o cmTC_195f3 -lpthreads 
/usr/bin/ld: cannot find -lpthreads
collect2: error: ld returned 1 exit status
CMakeFiles/cmTC_195f3.dir/build.make:97: recipe for target 'cmTC_195f3' failed
make[1]: *** [cmTC_195f3] Error 1
make[1]: Leaving directory '/home/ubuntu/vision/flightCode/flowVideo/CMakeFiles/CMakeTmp'
Makefile:126: recipe for target 'cmTC_195f3/fast' failed
make: *** [cmTC_195f3/fast] Error 2


Determining if the pthread_create exist failed with the following output:
Change Dir: /home/ubuntu/computerVision/flowVideo/CMakeFiles/CMakeTmp

Run Build Command:"/usr/bin/make" "cmTC_0621b/fast"
/usr/bin/make -f CMakeFiles/cmTC_0621b.dir/build.make CMakeFiles/cmTC_0621b.dir/build
make[1]: Entering directory '/home/ubuntu/computerVision/flowVideo/CMakeFiles/CMakeTmp'
Building C object CMakeFiles/cmTC_0621b.dir/CheckSymbolExists.c.o
/usr/bin/cc    -fPIC    -o CMakeFiles/cmTC_0621b.dir/CheckSymbolExists.c.o   -c /home/ubuntu/computerVision/flowVideo/CMakeFiles/CMakeTmp/CheckSymbolExists.c
Linking C executable cmTC_0621b
/usr/bin/cmake -E cmake_link_script CMakeFiles/cmTC_0621b.dir/link.txt --verbose=1
/usr/bin/cc  -fPIC     CMakeFiles/cmTC_0621b.dir/CheckSymbolExists.c.o  -o cmTC_0621b 
CMakeFiles/cmTC_0621b.dir/CheckSymbolExists.c.o: In function `main':
CheckSymbolExists.c:(.text+0x14): undefined reference to `pthread_create'
CheckSymbolExists.c:(.text+0x18): undefined reference to `pthread_create'
collect2: error: ld returned 1 exit status
CMakeFiles/cmTC_0621b.dir/build.make:97: recipe for target 'cmTC_0621b' failed
make[1]: *** [cmTC_0621b] Error 1
make[1]: Leaving directory '/home/ubuntu/computerVision/flowVideo/CMakeFiles/CMakeTmp'
Makefile:126: recipe for target 'cmTC_0621b/fast' failed
make: *** [cmTC_0621b/fast] Error 2

File /home/ubuntu/computerVision/flowVideo/CMakeFiles/CMakeTmp/CheckSymbolExists.c:
/* */
#include <pthread.h>

int main(int argc, char** argv)
{
  (void)argv;
#ifndef pthread_create
  return ((int*)(&pthread_create))[argc];
#else
  (void)argc;
  return 0;
#endif
}

Determining if the function pthread_create exists in the pthreads failed with the following output:
Change Dir: /home/ubuntu/computerVision/flowVideo/CMakeFiles/CMakeTmp

Run Build Command:"/usr/bin/make" "cmTC_1ea6e/fast"
/usr/bin/make -f CMakeFiles/cmTC_1ea6e.dir/build.make CMakeFiles/cmTC_1ea6e.dir/build
make[1]: Entering directory '/home/ubuntu/computerVision/flowVideo/CMakeFiles/CMakeTmp'
Building C object CMakeFiles/cmTC_1ea6e.dir/CheckFunctionExists.c.o
/usr/bin/cc    -fPIC -DCHECK_FUNCTION_EXISTS=pthread_create   -o CMakeFiles/cmTC_1ea6e.dir/CheckFunctionExists.c.o   -c /usr/share/cmake-3.5/Modules/CheckFunctionExists.c
Linking C executable cmTC_1ea6e
/usr/bin/cmake -E cmake_link_script CMakeFiles/cmTC_1ea6e.dir/link.txt --verbose=1
/usr/bin/cc  -fPIC -DCHECK_FUNCTION_EXISTS=pthread_create    CMakeFiles/cmTC_1ea6e.dir/CheckFunctionExists.c.o  -o cmTC_1ea6e -lpthreads 
/usr/bin/ld: cannot find -lpthreads
collect2: error: ld returned 1 exit status
CMakeFiles/cmTC_1ea6e.dir/build.make:97: recipe for target 'cmTC_1ea6e' failed
make[1]: *** [cmTC_1ea6e] Error 1
make[1]: Leaving directory '/home/ubuntu/computerVision/flowVideo/CMakeFiles/CMakeTmp'
Makefile:126: recipe for target 'cmTC_1ea6e/fast' failed
make: *** [cmTC_1ea6e/fast] Error 2


